<html>
<head>
<title>TestNG:  Default test</title>
<link href="../testng.css" rel="stylesheet" type="text/css" />
<link href="../my-testng.css" rel="stylesheet" type="text/css" />

<style type="text/css">
.log { display: none;} 
.stack-trace { display: none;} 
</style>
<script type="text/javascript">
<!--
function flip(e) {
  current = e.style.display;
  if (current == 'block') {
    e.style.display = 'none';
    return 0;
  }
  else {
    e.style.display = 'block';
    return 1;
  }
}

function toggleBox(szDivId, elem, msg1, msg2)
{
  var res = -1;  if (document.getElementById) {
    res = flip(document.getElementById(szDivId));
  }
  else if (document.all) {
    // this is the way old msie versions work
    res = flip(document.all[szDivId]);
  }
  if(elem) {
    if(res == 0) elem.innerHTML = msg1; else elem.innerHTML = msg2;
  }

}

function toggleAllBoxes() {
  if (document.getElementsByTagName) {
    d = document.getElementsByTagName('div');
    for (i = 0; i < d.length; i++) {
      if (d[i].className == 'log') {
        flip(d[i]);
      }
    }
  }
}

// -->
</script>

</head>
<body>
<h2 align='center'>Default test</h2><table border='1' align="center">
<tr>
<td>Tests passed/Failed/Skipped:</td><td>0/0/1</td>
</tr><tr>
<td>Started on:</td><td>Mon May 13 17:36:22 IST 2019</td>
</tr>
<tr><td>Total time:</td><td>156 seconds (156423 ms)</td>
</tr><tr>
<td>Included groups:</td><td></td>
</tr><tr>
<td>Excluded groups:</td><td></td>
</tr>
</table><p/>
<small><i>(Hover the method name to see the test class name)</i></small><p/>
<table width='100%' border='1' class='invocation-skipped'>
<tr><td colspan='4' align='center'><b>SKIPPED TESTS</b></td></tr>
<tr><td><b>Test method</b></td>
<td width="30%"><b>Exception</b></td>
<td width="10%"><b>Time (seconds)</b></td>
<td><b>Instance</b></td>
</tr>
<tr>
<td title='com.theGeneral.TestRunner.runScenario()'><b>runScenario</b><br>Test class: com.theGeneral.TestRunner<br>Test method: Runs Cucumber Scenarios<br>Parameters: "TGQ New Quote  As Agent", "New Quote in TGQ Application"<br/>
<a href="#Output-830863979" onClick='toggleBox("Output-830863979", this, "Show output", "Hide output");'>Show output</a>

<a href="#Output-830863979" onClick="toggleAllBoxes();">Show all outputs</a>
<div class='log' id="Output-830863979">
<div "result">user get the Test data &quot;TGQ&quot; (PASSED : 0s)</div><br/>
<div "result">user launches &quot;TGQ&quot; URL (PASSED : 4s)</div><br/>
<div "result">user login to &quot;TGQ&quot; application using &quot;New Quote&quot; button (PASSED : 22s)</div><br/>
<div "result">Fill the mandatory fields in &quot;New Quote&quot; page (PASSED : 15s)</div><br/>
<div "result">Fill the mandatory fields in &quot;Rating Info&quot; tab (PASSED : 62s)</div><br/>
<div "result">Edit the required fields in the &quot;Quote Edit&quot; tab recalculate it and click on Next button (PASSED : 3s)</div><br/>
<div "result">Edit the required fields in the &quot;drivers Edit&quot; tab recalculate in drivers Edit tab and click on Next button (PASSED : 18s)</div><br/>
<div "result">Edit the required fields in the &quot;vehicles&quot; tab recalculate in the Vehicles Edit tab and click on Next button (PASSED : 7s)</div><br/>
<div "result">Verify the mandatory fields in &quot;CustomerQuestions&quot; tab (PASSED : 15s)</div><br/>
<div "result">Answer the mandatory fields in &quot;ApplicationQuestions&quot; tab (FAILED : 2s)</div><br/>
<div "result">Provide the mandatory fields and &quot;validate&quot; the quote (SKIPPED)</div><br/>
<div "result">Provide the mandatory fields and proceed for &quot;payment&quot; for the quote (SKIPPED)</div><br/>
<div "result">Get the &quot;PolicyNumber&quot; (SKIPPED)</div><br/>
<div "result">user quits the browser (SKIPPED)</div><br/>
</div>
</td>
<td><div><pre>com.theGeneral.utilities.MyOwnException: Unable answer Application Questions ApplicationQuestionsapplication 
Unable to find element with css selector == *[name=&apos;quoteBean.appQuestions[1].writableValue&apos;]
For documentation on this error, please visit: https://www.seleniumhq.org/exceptions/no_such_element.html
Build info: version: &apos;3.141.59&apos;, revision: &apos;e82be7d358&apos;, time: &apos;2018-11-14T08:17:03&apos;
System info: host: &apos;NTISHTCD13&apos;, ip: &apos;10.180.20.66&apos;, os.name: &apos;Windows 10&apos;, os.arch: &apos;amd64&apos;, os.version: &apos;10.0&apos;, java.version: &apos;1.8.0_201&apos;
Driver info: org.openqa.selenium.ie.InternetExplorerDriver
Capabilities {acceptInsecureCerts: false, browserName: internet explorer, browserVersion: 11, javascriptEnabled: true, pageLoadStrategy: normal, platform: WINDOWS, platformName: WINDOWS, proxy: Proxy(), se:ieOptions: {browserAttachTimeout: 0, elementScrollBehavior: 0, enablePersistentHover: false, ie.browserCommandLineSwitches: , ie.ensureCleanSession: false, ie.fileUploadDialogTimeout: 3000, ie.forceCreateProcessApi: false, ignoreProtectedModeSettings: true, ignoreZoomSetting: false, initialBrowserUrl: http://localhost:35948/, nativeEvents: true, requireWindowFocus: true}, setWindowRect: true, timeouts: {implicit: 0, pageLoad: 300000, script: 30000}, unhandledPromptBehavior: ignore}
Session ID: d219194b-04a8-443a-86ab-49a0a8ed9f77
*** Element info: {Using=name, value=quoteBean.appQuestions[1].writableValue}

	at com.theGeneral.utilities.BaseClass.throwException(BaseClass.java:354)
	at com.theGeneral.global.pageObjects.TGQ_Application_Questions_Page.applicationQuestions(TGQ_Application_Questions_Page.java:89)
	at com.theGeneral.stepDefinations.ApplicationQuestionsSteps.applicationQue(ApplicationQuestionsSteps.java:25)
	at ?.Answer the mandatory fields in &quot;ApplicationQuestions&quot; tab(src/test/resources/features/C_TGQ_New_Quote.feature:13)
</pre></div><a href='#' onClick='toggleBox("stack-trace830863979", this, "Click to show all stack frames", "Click to hide stack frames")'>Click to show all stack frames</a>
<div class='stack-trace' id='stack-trace830863979'><pre>com.theGeneral.utilities.MyOwnException: Unable answer Application Questions ApplicationQuestionsapplication 
Unable to find element with css selector == *[name=&apos;quoteBean.appQuestions[1].writableValue&apos;]
For documentation on this error, please visit: https://www.seleniumhq.org/exceptions/no_such_element.html
Build info: version: &apos;3.141.59&apos;, revision: &apos;e82be7d358&apos;, time: &apos;2018-11-14T08:17:03&apos;
System info: host: &apos;NTISHTCD13&apos;, ip: &apos;10.180.20.66&apos;, os.name: &apos;Windows 10&apos;, os.arch: &apos;amd64&apos;, os.version: &apos;10.0&apos;, java.version: &apos;1.8.0_201&apos;
Driver info: org.openqa.selenium.ie.InternetExplorerDriver
Capabilities {acceptInsecureCerts: false, browserName: internet explorer, browserVersion: 11, javascriptEnabled: true, pageLoadStrategy: normal, platform: WINDOWS, platformName: WINDOWS, proxy: Proxy(), se:ieOptions: {browserAttachTimeout: 0, elementScrollBehavior: 0, enablePersistentHover: false, ie.browserCommandLineSwitches: , ie.ensureCleanSession: false, ie.fileUploadDialogTimeout: 3000, ie.forceCreateProcessApi: false, ignoreProtectedModeSettings: true, ignoreZoomSetting: false, initialBrowserUrl: http://localhost:35948/, nativeEvents: true, requireWindowFocus: true}, setWindowRect: true, timeouts: {implicit: 0, pageLoad: 300000, script: 30000}, unhandledPromptBehavior: ignore}
Session ID: d219194b-04a8-443a-86ab-49a0a8ed9f77
*** Element info: {Using=name, value=quoteBean.appQuestions[1].writableValue}

	at com.theGeneral.utilities.BaseClass.throwException(BaseClass.java:354)
	at com.theGeneral.global.pageObjects.TGQ_Application_Questions_Page.applicationQuestions(TGQ_Application_Questions_Page.java:89)
	at com.theGeneral.stepDefinations.ApplicationQuestionsSteps.applicationQue(ApplicationQuestionsSteps.java:25)
	at ?.Answer the mandatory fields in &quot;ApplicationQuestions&quot; tab(src/test/resources/features/C_TGQ_New_Quote.feature:13)
</pre></div></td>
<td>154</td>
<td>com.theGeneral.TestRunner@3c46e67a</td></tr>
</table><p>
</body>
</html>